<?xml version="1.0" encoding="UTF-8"?>
<!-- Generated by org.testng.reporters.JUnitReportReporter -->
<testsuite hostname="LAPTOP-1BNHRBMA" failures="0" tests="4" name="Com.Qa.Test.ParaBankLoginPageTest" time="9.476" errors="0" timestamp="18 Jul 2021 05:43:10 GMT" skipped="0">
  <testcase classname="Com.Qa.Test.ParaBankLoginPageTest" name="ParaBankappTest" time="7.280"/>
  <testcase classname="Com.Qa.Test.ParaBankLoginPageTest" name="EnterParaBankUNCredentials" time="0.078"/>
  <testcase classname="Com.Qa.Test.ParaBankLoginPageTest" name="EnterParaBankPWDCredentials" time="1.479"/>
  <testcase classname="Com.Qa.Test.ParaBankLoginPageTest" name="teardown" time="0.639"/>
</testsuite> <!-- Com.Qa.Test.ParaBankLoginPageTest -->
